2022-02-10T07:48:33.206Z warn: API - access forbidden on Ready State
2022-02-10T07:48:40.755Z warn: API - access forbidden on Ready State
2022-02-10T07:48:54.300Z warn: API - access forbidden on Ready State
2022-02-10T07:48:55.104Z warn: API - access forbidden on Ready State
2022-02-10T07:48:56.359Z warn: API - access forbidden on Ready State
2022-02-10T07:49:10.597Z warn: API - access forbidden on Ready State
2022-02-10T07:50:07.160Z warn: API - access forbidden on Ready State
2022-02-10T07:51:11.267Z warn: API - access forbidden on Ready State
2022-02-10T08:01:46.866Z warn: API - access forbidden on Ready State
2022-02-10T08:01:49.603Z warn: API - access forbidden on Ready State
2022-02-10T09:01:12.864Z warn: API - access forbidden on Ready State
2022-02-10T09:02:47.634Z warn: API - access forbidden on Ready State
2022-02-10T09:33:44.541Z warn: API - access forbidden on Ready State
2022-02-10T12:58:35.367Z warn: API - access forbidden on Ready State
2022-02-10T12:59:19.889Z warn: API - access forbidden on Ready State
2022-02-10T13:15:29.798Z warn: API - access forbidden on Ready State
2022-02-10T13:15:58.580Z warn: API - access forbidden on Ready State
2022-02-11T07:53:37.374Z warn: API - access forbidden on create player
2022-02-11T07:54:10.381Z warn: API - access forbidden on create player
2022-02-11T09:30:47.457Z warn: API - access forbidden on Set Temporary scores
2022-02-11T09:48:47.661Z warn: API - access forbidden on create team
2022-02-11T09:48:47.743Z warn: API - access forbidden on create team
2022-02-11T09:48:47.839Z warn: API - access forbidden on create player
2022-02-11T09:48:47.916Z warn: API - access forbidden on create player
2022-02-11T09:48:47.996Z warn: API - access forbidden on Set Temporary scores
2022-02-11T09:48:48.074Z warn: API - access forbidden on Set Temporary scores
2022-02-11T09:48:48.572Z warn: API - access forbidden on Ready State
2022-02-11T09:51:40.734Z warn: API - access forbidden on create team
2022-02-11T09:51:40.767Z warn: API - access forbidden on create team
2022-02-11T09:51:40.835Z warn: API - access forbidden on create player
2022-02-11T09:51:40.883Z warn: API - access forbidden on create player
2022-02-11T09:51:40.959Z warn: API - access forbidden on Set Temporary scores
2022-02-11T09:51:41.037Z warn: API - access forbidden on Set Temporary scores
2022-02-11T09:51:41.533Z warn: API - access forbidden on Ready State
2022-02-11T09:52:21.800Z warn: API - access forbidden on create team
2022-02-11T09:52:21.884Z warn: API - access forbidden on create team
2022-02-11T09:52:21.976Z warn: API - access forbidden on create player
2022-02-11T09:52:22.069Z warn: API - access forbidden on create player
2022-02-11T09:52:22.162Z warn: API - access forbidden on Set Temporary scores
2022-02-11T09:52:22.224Z warn: API - access forbidden on Set Temporary scores
2022-02-11T09:52:22.677Z warn: API - access forbidden on Ready State
2022-02-11T09:52:55.668Z warn: API - access forbidden on create team
2022-02-11T09:52:55.724Z warn: API - access forbidden on create team
2022-02-11T09:52:55.801Z warn: API - access forbidden on create player
2022-02-11T09:52:55.863Z warn: API - access forbidden on create player
2022-02-11T09:52:55.940Z warn: API - access forbidden on Set Temporary scores
2022-02-11T09:52:56.022Z warn: API - access forbidden on Set Temporary scores
2022-02-11T09:52:56.449Z warn: API - access forbidden on Ready State
2022-02-11T09:53:19.858Z warn: API - access forbidden on create team
2022-02-11T09:53:19.932Z warn: API - access forbidden on create team
2022-02-11T09:53:20.019Z warn: API - access forbidden on create player
2022-02-11T09:53:20.058Z warn: API - access forbidden on create player
2022-02-11T09:53:20.130Z warn: API - access forbidden on Set Temporary scores
2022-02-11T09:53:20.221Z warn: API - access forbidden on Set Temporary scores
2022-02-11T09:53:20.702Z warn: API - access forbidden on Ready State
2022-02-11T09:53:37.460Z warn: API - access forbidden on create team
2022-02-11T09:53:37.550Z warn: API - access forbidden on create team
2022-02-11T09:53:37.593Z warn: API - access forbidden on create player
2022-02-11T09:53:37.656Z warn: API - access forbidden on create player
2022-02-11T09:53:37.718Z warn: API - access forbidden on Set Temporary scores
2022-02-11T09:53:37.785Z warn: API - access forbidden on Set Temporary scores
2022-02-11T09:53:38.228Z warn: API - access forbidden on Ready State
2022-02-11T09:57:11.176Z warn: API - access forbidden on Set Temporary scores
2022-02-11T09:57:37.393Z warn: API - access forbidden on create team
2022-02-11T09:57:55.266Z warn: API - access forbidden on create team
2022-02-11T09:58:43.334Z warn: API - access forbidden on create team
2022-02-11T09:58:43.396Z warn: API - access forbidden on create team
2022-02-11T09:58:43.494Z warn: API - access forbidden on create player
2022-02-11T09:58:43.546Z warn: API - access forbidden on create player
2022-02-11T09:58:43.632Z warn: API - access forbidden on Set Temporary scores
2022-02-11T09:58:43.724Z warn: API - access forbidden on Set Temporary scores
2022-02-11T09:58:44.173Z warn: API - access forbidden on Ready State
2022-02-11T09:59:23.609Z warn: API - access forbidden on create team
2022-02-11T10:00:32.161Z warn: API - access forbidden on Set Temporary scores
2022-02-11T10:00:52.351Z warn: API - access forbidden on Set Temporary scores
2022-02-11T10:01:02.402Z warn: API - access forbidden on create team
2022-02-11T10:01:02.488Z warn: API - access forbidden on create team
2022-02-11T10:01:02.585Z warn: API - access forbidden on create player
2022-02-11T10:01:02.663Z warn: API - access forbidden on create player
2022-02-11T10:01:02.727Z warn: API - access forbidden on Set Temporary scores
2022-02-11T10:01:02.819Z warn: API - access forbidden on Set Temporary scores
2022-02-11T10:01:03.245Z warn: API - access forbidden on Ready State
2022-02-11T10:04:20.366Z info: API - Team with team name: testBot
2022-02-11T10:05:21.259Z info: API - Team with team name: testBot
2022-02-11T10:07:14.032Z warn: API - access forbidden on create team
2022-02-11T10:09:47.533Z info: API - Team with team name: testPostman
2022-02-11T10:13:02.680Z info: API - Team with team name: testPostman
2022-02-11T10:13:02.948Z warn: API - access forbidden on create team
2022-02-11T10:13:03.025Z warn: API - access forbidden on create player
2022-02-11T10:13:03.088Z warn: API - access forbidden on Set Temporary scores
2022-02-11T10:13:03.600Z warn: API - access forbidden on Ready State
2022-02-11T10:20:10.480Z warn: API - access forbidden on Ready State
2022-02-11T10:23:21.065Z warn: API - access forbidden on Ready State
2022-02-11T10:25:19.951Z warn: API - access forbidden on Ready State
